[
    {
        "id": "a4a64b31-5906-46fc-b52c-194cc5498ecc",
        "timestamp": "2026-01-30T17:03:46.207455",
        "agent": "AuditorAgent",
        "model": "gemini-1.5-flash",
        "action": "DEBUG",
        "details": {
            "input_prompt": "Run tests on C:\\Users\\ALQUDS\\AppData\\Local\\Temp\\e2e_simple_z4dd_0h0",
            "output_response": "Test execution: 2 failed, 0 errors",
            "test_passed": false,
            "test_failed": 2,
            "test_errors": 0,
            "test_messages": [
                "============================= test session starts =============================",
                "platform win32 -- Python 3.11.6, pytest-9.0.2, pluggy-1.6.0 -- C:\\Program Files\\Python311\\python.exe",
                "cachedir: .pytest_cache"
            ]
        },
        "status": "SUCCESS"
    },
    {
        "id": "fa2c3217-07c6-4c03-ae12-900176d2ccd7",
        "timestamp": "2026-01-30T17:03:46.207455",
        "agent": "AuditorAgent",
        "model": "gemini-1.5-flash",
        "action": "CODE_ANALYSIS",
        "details": {
            "input_prompt": "Audited 2 files in C:\\Users\\ALQUDS\\AppData\\Local\\Temp\\e2e_simple_z4dd_0h0",
            "output_response": "Audit complete: 5 total issues found, 0 files with errors",
            "files_audited": 2,
            "total_issues": 5,
            "files_with_errors": 0,
            "parallel_processing": true
        },
        "status": "SUCCESS"
    },
    {
        "id": "1ab98d82-b070-4176-88c8-a4a51327bb31",
        "timestamp": "2026-01-30T17:03:46.237453",
        "agent": "CorrectorAgent",
        "model": "gemini-1.5-flash",
        "action": "CODE_GEN",
        "details": {
            "input_prompt": "Fix ONLY: Assertion failed: add(2, 3) == 5\nReturn corrected code.\n```\n\ndef add(a, b):\n    return a - b  # BUG: should be +\n\ndef multiply(a, b):\n    return a + b  # BUG: should be *\n\n```\nFixed:",
            "output_response": "Generated correction for: Assertion failed: add(2, 3) == 5\nApplied Assertion failed: add(2, 3) == 5 fix [AST]: 6 → 6 lines (0 lines changed)",
            "filename": "calculator.py",
            "issue": "Assertion failed: add(2, 3) == 5",
            "original_length": 111,
            "corrected_length": 111,
            "change_ratio": 1.0,
            "was_changed": true
        },
        "status": "SUCCESS"
    },
    {
        "id": "3f0a59d3-571f-40b9-bff0-b6e50246da2a",
        "timestamp": "2026-01-30T17:03:46.250164",
        "agent": "CorrectorAgent",
        "model": "gemini-1.5-flash",
        "action": "CODE_GEN",
        "details": {
            "input_prompt": "Fix ONLY: Assertion failed: -1 == 5\nReturn corrected code.\n```\n\ndef add(a, b):\n    return a + b  # BUG: should be +\n\ndef multiply(a, b):\n    return a + b  # BUG: should be *\n\n```\nFixed:",
            "output_response": "Generated correction for: Assertion failed: -1 == 5\nNo changes applied - issue may require manual fix [AST]",
            "filename": "calculator.py",
            "issue": "Assertion failed: -1 == 5",
            "original_length": 111,
            "corrected_length": 111,
            "change_ratio": 1.0,
            "was_changed": false
        },
        "status": "SUCCESS"
    },
    {
        "id": "4070209d-795e-467a-8889-35dcf60efb3a",
        "timestamp": "2026-01-30T17:03:46.262706",
        "agent": "CorrectorAgent",
        "model": "gemini-1.5-flash",
        "action": "CODE_GEN",
        "details": {
            "input_prompt": "Fix ONLY: Assertion failed: multiply(2, 3) == 6\nReturn corrected code.\n```\n\ndef add(a, b):\n    return a + b  # BUG: should be +\n\ndef multiply(a, b):\n    return a + b  # BUG: should be *\n\n```\nFixed:",
            "output_response": "Generated correction for: Assertion failed: multiply(2, 3) == 6\nApplied Assertion failed: multiply(2, 3) == 6 fix [AST]: 6 → 6 lines (0 lines changed)",
            "filename": "calculator.py",
            "issue": "Assertion failed: multiply(2, 3) == 6",
            "original_length": 111,
            "corrected_length": 111,
            "change_ratio": 1.0,
            "was_changed": true
        },
        "status": "SUCCESS"
    },
    {
        "id": "0f1656bb-42c6-4909-937c-a8c4a731c554",
        "timestamp": "2026-01-30T17:03:46.276295",
        "agent": "CorrectorAgent",
        "model": "gemini-1.5-flash",
        "action": "CODE_GEN",
        "details": {
            "input_prompt": "Generated corrections for 1 files",
            "output_response": "Created 3 corrections addressing 5 critical issues",
            "files_corrected": 1,
            "total_corrections": 3,
            "critical_issues_addressed": 5
        },
        "status": "SUCCESS"
    },
    {
        "id": "f3867b6c-da98-46ce-bac1-ddbbce23e1f3",
        "timestamp": "2026-01-30T17:03:47.141077",
        "agent": "JudgeAgent",
        "model": "gemini-1.5-flash",
        "action": "DEBUG",
        "details": {
            "input_prompt": "Execute tests on C:\\Users\\ALQUDS\\AppData\\Local\\Temp\\e2e_simple_z4dd_0h0",
            "output_response": "Test execution completed: 2 passed, 0 failed, 0 errors",
            "target_dir": "C:\\Users\\ALQUDS\\AppData\\Local\\Temp\\e2e_simple_z4dd_0h0",
            "passed": 2,
            "failed": 0,
            "errors": 0,
            "total_issues": 0
        },
        "status": "SUCCESS"
    },
    {
        "id": "1f20e818-091f-4be1-859f-203bdfec96d4",
        "timestamp": "2026-01-30T17:03:47.141077",
        "agent": "JudgeAgent",
        "model": "gemini-1.5-flash",
        "action": "DEBUG",
        "details": {
            "input_prompt": "Judge final validation",
            "output_response": "✓ All tests passed! Mission complete.",
            "final_status": "PASSED",
            "retry_count": 0,
            "passed": 2,
            "failed": 0,
            "errors": 0
        },
        "status": "SUCCESS"
    },
    {
        "id": "6f8b15d3-416f-4089-9635-2424e84ce83a",
        "timestamp": "2026-01-30T17:04:38.495099",
        "agent": "AuditorAgent",
        "model": "gemini-1.5-flash",
        "action": "CODE_ANALYSIS",
        "details": {
            "input_prompt": "Identify Python code issues. List each on separate line or 'None' if clean.\n```\n\n\"\"\"Module with code quality issues.\"\"\"\n\ndef process_data():\n    try:\n        data = [1, 2, 3]\n        print(\"Processing:\", data)  # Issue: print without logging\n        return data\n    except:  # Issue: bare except\n        print(\"Error occurred\")\n        return None\n\nclass DataHandler:\n    def __init__(self):\n        self.data = []\n    \n    def add_item(self, item):\n        self.data.append(item)\n        print(f\"Added: {item}\")  # Issue: print without logging\n\n```",
            "output_response": "Found 2 potential issues in module.py",
            "filename": "module.py",
            "code_length": 465,
            "line_count": 19,
            "issues_found": 2,
            "issues": [
                "Bare except clause found (bad practice - catches all exceptions)",
                "Using print() statements without logging module"
            ],
            "complex_functions": 0
        },
        "status": "SUCCESS"
    },
    {
        "id": "7972b5f7-0f4d-4e6b-94c6-3d1ad9027c8c",
        "timestamp": "2026-01-30T17:04:38.507520",
        "agent": "AuditorAgent",
        "model": "gemini-1.5-flash",
        "action": "CODE_ANALYSIS",
        "details": {
            "input_prompt": "Identify Python code issues. List each on separate line or 'None' if clean.\n```\n\n\"\"\"Tests for the module.\"\"\"\n\ndef test_process_data():\n    \"\"\"Test process_data function.\"\"\"\n    from module import process_data\n    result = process_data()\n    assert result is not None, \"process_data should return data\"\n    assert len(result) == 3, \"process_data should return 3 items\"\n\ndef test_data_handler_creation():\n    \"\"\"Test DataHandler instantiation.\"\"\"\n    from module import DataHandler\n    handler = DataHandler()\n    assert handler.data == [], \"data should be initialized as empty list\"\n\ndef test_data_handler_add_item():\n    \"\"\"Test adding items to DataHandler.\"\"\"\n    from module import DataHandler\n    handler = DataHandler()\n    handler.add_item(42)\n    assert 42 in handler.data, \"item should be added to data\"\n    assert len(handler.data) == 1, \"data should have one item\"\n\n```",
            "output_response": "Found 0 potential issues in test_module.py",
            "filename": "test_module.py",
            "code_length": 794,
            "line_count": 23,
            "issues_found": 0,
            "issues": [],
            "complex_functions": 0
        },
        "status": "SUCCESS"
    },
    {
        "id": "a73d9d95-41f9-4d7e-920b-37cf1d979397",
        "timestamp": "2026-01-30T17:04:39.313025",
        "agent": "AuditorAgent",
        "model": "gemini-1.5-flash",
        "action": "CODE_ANALYSIS",
        "details": {
            "input_prompt": "Audited 2 files in C:\\Users\\ALQUDS\\AppData\\Local\\Temp\\tmpbsofg7ds",
            "output_response": "Audit complete: 2 total issues found, 0 files with errors",
            "files_audited": 2,
            "total_issues": 2,
            "files_with_errors": 0,
            "parallel_processing": true
        },
        "status": "SUCCESS"
    },
    {
        "id": "fac64260-674b-4703-a8a8-7e1ee7da43b4",
        "timestamp": "2026-01-30T17:04:39.313025",
        "agent": "CorrectorAgent",
        "model": "gemini-1.5-flash",
        "action": "CODE_GEN",
        "details": {
            "input_prompt": "Fix ONLY: Bare except clause found (bad practice - catches all exceptions)\nReturn corrected code.\n```\n\n\"\"\"Module with code quality issues.\"\"\"\n\ndef process_data():\n    try:\n        data = [1, 2, 3]\n        print(\"Processing:\", data)  # Issue: print without logging\n        return data\n    except:  # Issue: bare except\n        print(\"Error occurred\")\n        return None\n\nclass DataHandler:\n    def __init__(self):\n        self.data = []\n    \n    def add_item(self, item):\n        self.data.append(item)\n        print(f\"Added: {item}\")  # Issue: print without logging\n\n```\nFixed:",
            "output_response": "Generated correction for: Bare except clause found (bad practice - catches all exceptions)\nApplied Bare except clause found (bad practice - catches all exceptions) fix [AST]: 19 → 19 lines (0 lines changed)",
            "filename": "module.py",
            "issue": "Bare except clause found (bad practice - catches all exceptions)",
            "original_length": 465,
            "corrected_length": 389,
            "change_ratio": 0.8365591397849462,
            "was_changed": true
        },
        "status": "SUCCESS"
    },
    {
        "id": "5e6128be-2d15-4509-9171-adc493f504e6",
        "timestamp": "2026-01-30T17:04:39.338669",
        "agent": "CorrectorAgent",
        "model": "gemini-1.5-flash",
        "action": "CODE_GEN",
        "details": {
            "input_prompt": "Fix ONLY: Using print() statements without logging module\nReturn corrected code.\n```\n\"\"\"Module with code quality issues.\"\"\"\n\ndef process_data():\n    try:\n        data = [1, 2, 3]\n        print('Processing:', data)\n        return data\n    except Exception as e:\n        print('Error occurred')\n        return None\n\nclass DataHandler:\n\n    def __init__(self):\n        self.data = []\n\n    def add_item(self, item):\n        self.data.append(item)\n        print(f'Added: {item}')\n```\nFixed:",
            "output_response": "Generated correction for: Using print() statements without logging module\nApplied Using print() statements without logging module fix [AST]: 19 → 20 lines (1 lines changed)",
            "filename": "module.py",
            "issue": "Using print() statements without logging module",
            "original_length": 389,
            "corrected_length": 424,
            "change_ratio": 1.0899742930591259,
            "was_changed": true
        },
        "status": "SUCCESS"
    },
    {
        "id": "3ac9a5d6-9307-46fd-a06b-4eb93e4fccc2",
        "timestamp": "2026-01-30T17:04:39.361091",
        "agent": "CorrectorAgent",
        "model": "gemini-1.5-flash",
        "action": "CODE_GEN",
        "details": {
            "input_prompt": "Generated corrections for 1 files",
            "output_response": "Created 2 corrections addressing 2 critical issues",
            "files_corrected": 1,
            "total_corrections": 2,
            "critical_issues_addressed": 2
        },
        "status": "SUCCESS"
    },
    {
        "id": "4d763cbe-420a-42ff-b867-2de66e5e666e",
        "timestamp": "2026-01-30T17:04:40.162334",
        "agent": "JudgeAgent",
        "model": "gemini-1.5-flash",
        "action": "DEBUG",
        "details": {
            "input_prompt": "Execute tests on C:\\Users\\ALQUDS\\AppData\\Local\\Temp\\tmpbsofg7ds",
            "output_response": "Test execution completed: 3 passed, 0 failed, 0 errors",
            "target_dir": "C:\\Users\\ALQUDS\\AppData\\Local\\Temp\\tmpbsofg7ds",
            "passed": 3,
            "failed": 0,
            "errors": 0,
            "total_issues": 0
        },
        "status": "SUCCESS"
    },
    {
        "id": "4ce283d9-be98-4770-84ae-5cadc7b514dd",
        "timestamp": "2026-01-30T17:04:40.162334",
        "agent": "JudgeAgent",
        "model": "gemini-1.5-flash",
        "action": "DEBUG",
        "details": {
            "input_prompt": "Judge final validation",
            "output_response": "✓ All tests passed! Mission complete.",
            "final_status": "PASSED",
            "retry_count": 0,
            "passed": 3,
            "failed": 0,
            "errors": 0
        },
        "status": "SUCCESS"
    },
    {
        "id": "7771b9e6-8415-419b-bd76-599ed17e3cb8",
        "timestamp": "2026-01-30T17:04:40.895200",
        "agent": "JudgeAgent",
        "model": "gemini-1.5-flash",
        "action": "DEBUG",
        "details": {
            "input_prompt": "Validate mission completion",
            "output_response": "Mission status: COMPLETE",
            "mission_complete": true,
            "all_tests_passed": true,
            "failed_count": 0,
            "error_count": 0
        },
        "status": "SUCCESS"
    },
    {
        "id": "48c6d15e-ba99-40ee-9413-fc9a7049846d",
        "timestamp": "2026-01-30T17:04:47.298986",
        "agent": "AuditorAgent",
        "model": "gemini-1.5-flash",
        "action": "CODE_ANALYSIS",
        "details": {
            "input_prompt": "Identify Python code issues. List each on separate line or 'None' if clean.\n```\n\nimport pytest\nfrom calculator import add, multiply, divide\n\ndef test_add():\n    '''Test addition'''\n    assert add(2, 3) == 5, \"add(2, 3) should be 5\"\n    assert add(-1, 1) == 0, \"add(-1, 1) should be 0\"\n    assert add(0, 0) == 0, \"add(0, 0) should be 0\"\n\ndef test_multiply():\n    '''Test multiplication'''\n    assert multiply(2, 3) == 6, \"multiply(2, 3) should be 6\"\n    assert multiply(-2, 3) == -6, \"multiply(-2, 3) should be -6\"\n    assert multiply(5, 0) == 0, \"multiply(5, 0) should be 0\"\n\ndef test_divide():\n    '''Test division'''\n    assert divide(10, 2) == 5, \"divide(10, 2) should be 5\"\n    assert divide(9, 3) == 3, \"divide(9, 3) should be 3\"\n    \n    with pytest.raises(ValueError):\n        divide(10, 0)\n\nif __name__ == \"__main__\":\n    pytest.main([__file__, \"-v\"])\n\n```",
            "output_response": "Found 0 potential issues in test_calculator.py",
            "filename": "test_calculator.py",
            "code_length": 780,
            "line_count": 26,
            "issues_found": 0,
            "issues": [],
            "complex_functions": 0
        },
        "status": "SUCCESS"
    },
    {
        "id": "1fc3f851-4c34-4038-aed9-690c77f73680",
        "timestamp": "2026-01-30T17:04:48.173690",
        "agent": "AuditorAgent",
        "model": "gemini-1.5-flash",
        "action": "DEBUG",
        "details": {
            "input_prompt": "Run tests on C:\\Users\\ALQUDS\\AppData\\Local\\Temp\\e2e_test_2_9h25hc",
            "output_response": "Test execution: 3 failed, 0 errors",
            "test_passed": false,
            "test_failed": 3,
            "test_errors": 0,
            "test_messages": [
                "============================= test session starts =============================",
                "platform win32 -- Python 3.11.6, pytest-9.0.2, pluggy-1.6.0 -- C:\\Program Files\\Python311\\python.exe",
                "cachedir: .pytest_cache"
            ]
        },
        "status": "SUCCESS"
    },
    {
        "id": "4d4b6d03-058c-4151-9489-ef3db8542b49",
        "timestamp": "2026-01-30T17:04:48.173690",
        "agent": "AuditorAgent",
        "model": "gemini-1.5-flash",
        "action": "CODE_ANALYSIS",
        "details": {
            "input_prompt": "Audited 2 files in C:\\Users\\ALQUDS\\AppData\\Local\\Temp\\e2e_test_2_9h25hc",
            "output_response": "Audit complete: 5 total issues found, 0 files with errors",
            "files_audited": 2,
            "total_issues": 5,
            "files_with_errors": 0,
            "parallel_processing": true
        },
        "status": "SUCCESS"
    },
    {
        "id": "f862f503-c381-4036-a908-9f28b810bd6c",
        "timestamp": "2026-01-30T17:04:48.194195",
        "agent": "CorrectorAgent",
        "model": "gemini-1.5-flash",
        "action": "CODE_GEN",
        "details": {
            "input_prompt": "Fix ONLY: Using print() statements without logging module\nReturn corrected code.\n```\n\ndef add(a, b):\n    '''Add two numbers - BUGGY VERSION'''\n    return a - b  # BUG: should be a + b\n\ndef multiply(a, b):\n    '''Multiply two numbers - BUGGY VERSION'''\n    return a + b  # BUG: should be a * b\n\ndef divide(a, b):\n    '''Divide two numbers - BUGGY VERSION'''\n    if b == 0:\n        return \"Error\"  # BUG: should raise ValueError\n    return a / b\n\nif __name__ == \"__main__\":\n    print(f\"5 + 3 = {add(5, 3)}\")\n    print(f\"5 * 3 = {multiply(5, 3)}\")\n    print(f\"10 / 2 = {divide(10, 2)}\")\n\n```\nFixed:",
            "output_response": "Generated correction for: Using print() statements without logging module\nApplied Using print() statements without logging module fix [AST]: 19 → 19 lines (0 lines changed)",
            "filename": "calculator.py",
            "issue": "Using print() statements without logging module",
            "original_length": 499,
            "corrected_length": 456,
            "change_ratio": 0.9138276553106213,
            "was_changed": true
        },
        "status": "SUCCESS"
    },
    {
        "id": "d03ec6ac-121e-4316-8293-a30b7e501e17",
        "timestamp": "2026-01-30T17:04:48.218997",
        "agent": "CorrectorAgent",
        "model": "gemini-1.5-flash",
        "action": "CODE_GEN",
        "details": {
            "input_prompt": "Fix ONLY: Assertion failed: add(2, 3) == 5, \"add(2, 3) should be 5\"\nReturn corrected code.\n```\nimport logging\n\ndef add(a, b):\n    \"\"\"Add two numbers - BUGGY VERSION\"\"\"\n    return a - b\n\ndef multiply(a, b):\n    \"\"\"Multiply two numbers - BUGGY VERSION\"\"\"\n    return a + b\n\ndef divide(a, b):\n    \"\"\"Divide two numbers - BUGGY VERSION\"\"\"\n    if b == 0:\n        return 'Error'\n    return a / b\nif __name__ == '__main__':\n    logging.debug(f'5 + 3 = {add(5, 3)}')\n    logging.debug(f'5 * 3 = {multiply(5, 3)}')\n    logging.debug(f'10 / 2 = {divide(10, 2)}')\n```\nFixed:",
            "output_response": "Generated correction for: Assertion failed: add(2, 3) == 5, \"add(2, 3) should be 5\"\nApplied Assertion failed: add(2, 3) == 5, \"add(2, 3) should be 5\" fix [AST]: 19 → 19 lines (0 lines changed)",
            "filename": "calculator.py",
            "issue": "Assertion failed: add(2, 3) == 5, \"add(2, 3) should be 5\"",
            "original_length": 456,
            "corrected_length": 456,
            "change_ratio": 1.0,
            "was_changed": true
        },
        "status": "SUCCESS"
    },
    {
        "id": "6715df84-6a7a-4856-a04b-5db3774f7511",
        "timestamp": "2026-01-30T17:04:48.232502",
        "agent": "CorrectorAgent",
        "model": "gemini-1.5-flash",
        "action": "CODE_GEN",
        "details": {
            "input_prompt": "Fix ONLY: Assertion failed: -1 == 5\nReturn corrected code.\n```\nimport logging\n\ndef add(a, b):\n    \"\"\"Add two numbers - BUGGY VERSION\"\"\"\n    return a + b\n\ndef multiply(a, b):\n    \"\"\"Multiply two numbers - BUGGY VERSION\"\"\"\n    return a + b\n\ndef divide(a, b):\n    \"\"\"Divide two numbers - BUGGY VERSION\"\"\"\n    if b == 0:\n        return 'Error'\n    return a / b\nif __name__ == '__main__':\n    logging.debug(f'5 + 3 = {add(5, 3)}')\n    logging.debug(f'5 * 3 = {multiply(5, 3)}')\n    logging.debug(f'10 / 2 = {divide(10, 2)}')\n```\nFixed:",
            "output_response": "Generated correction for: Assertion failed: -1 == 5\nNo changes applied - issue may require manual fix [AST]",
            "filename": "calculator.py",
            "issue": "Assertion failed: -1 == 5",
            "original_length": 456,
            "corrected_length": 456,
            "change_ratio": 1.0,
            "was_changed": false
        },
        "status": "SUCCESS"
    },
    {
        "id": "fe5c92fa-70ca-4fbe-9bf3-9bbdbd9aa715",
        "timestamp": "2026-01-30T17:04:48.246296",
        "agent": "CorrectorAgent",
        "model": "gemini-1.5-flash",
        "action": "CODE_GEN",
        "details": {
            "input_prompt": "Generated corrections for 1 files",
            "output_response": "Created 3 corrections addressing 5 critical issues",
            "files_corrected": 1,
            "total_corrections": 3,
            "critical_issues_addressed": 5
        },
        "status": "SUCCESS"
    },
    {
        "id": "6d10b1f4-efc0-4c0b-ae79-ae70e7cf9838",
        "timestamp": "2026-01-30T17:04:49.122712",
        "agent": "JudgeAgent",
        "model": "gemini-1.5-flash",
        "action": "DEBUG",
        "details": {
            "input_prompt": "Execute tests on C:\\Users\\ALQUDS\\AppData\\Local\\Temp\\e2e_test_2_9h25hc",
            "output_response": "Test execution completed: 1 passed, 2 failed, 0 errors",
            "target_dir": "C:\\Users\\ALQUDS\\AppData\\Local\\Temp\\e2e_test_2_9h25hc",
            "passed": 1,
            "failed": 2,
            "errors": 0,
            "total_issues": 2
        },
        "status": "FAILURE"
    },
    {
        "id": "a39436b3-d2c0-42f1-add7-4914fee727c0",
        "timestamp": "2026-01-30T17:04:49.122712",
        "agent": "CorrectorAgent",
        "model": "gemini-1.5-flash",
        "action": "CODE_GEN",
        "details": {
            "input_prompt": "Fix ONLY: Using print() statements without logging module\nReturn corrected code.\n```\nimport logging\n\ndef add(a, b):\n    \"\"\"Add two numbers - BUGGY VERSION\"\"\"\n    return a + b\n\ndef multiply(a, b):\n    \"\"\"Multiply two numbers - BUGGY VERSION\"\"\"\n    return a + b\n\ndef divide(a, b):\n    \"\"\"Divide two numbers - BUGGY VERSION\"\"\"\n    if b == 0:\n        return 'Error'\n    return a / b\nif __name__ == '__main__':\n    logging.debug(f'5 + 3 = {add(5, 3)}')\n    logging.debug(f'5 * 3 = {multiply(5, 3)}')\n    logging.debug(f'10 / 2 = {divide(10, 2)}')\n```\nFixed:",
            "output_response": "Generated correction for: Using print() statements without logging module\nNo changes applied - issue may require manual fix [AST]",
            "filename": "calculator.py",
            "issue": "Using print() statements without logging module",
            "original_length": 456,
            "corrected_length": 456,
            "change_ratio": 1.0,
            "was_changed": false
        },
        "status": "SUCCESS"
    },
    {
        "id": "42780012-327b-4c39-b517-8775ec85b76a",
        "timestamp": "2026-01-30T17:04:49.139994",
        "agent": "CorrectorAgent",
        "model": "gemini-1.5-flash",
        "action": "CODE_GEN",
        "details": {
            "input_prompt": "Fix ONLY: Assertion failed: add(2, 3) == 5, \"add(2, 3) should be 5\"\nReturn corrected code.\n```\nimport logging\n\ndef add(a, b):\n    \"\"\"Add two numbers - BUGGY VERSION\"\"\"\n    return a + b\n\ndef multiply(a, b):\n    \"\"\"Multiply two numbers - BUGGY VERSION\"\"\"\n    return a + b\n\ndef divide(a, b):\n    \"\"\"Divide two numbers - BUGGY VERSION\"\"\"\n    if b == 0:\n        return 'Error'\n    return a / b\nif __name__ == '__main__':\n    logging.debug(f'5 + 3 = {add(5, 3)}')\n    logging.debug(f'5 * 3 = {multiply(5, 3)}')\n    logging.debug(f'10 / 2 = {divide(10, 2)}')\n```\nFixed:",
            "output_response": "Generated correction for: Assertion failed: add(2, 3) == 5, \"add(2, 3) should be 5\"\nNo changes applied - issue may require manual fix [AST]",
            "filename": "calculator.py",
            "issue": "Assertion failed: add(2, 3) == 5, \"add(2, 3) should be 5\"",
            "original_length": 456,
            "corrected_length": 456,
            "change_ratio": 1.0,
            "was_changed": false
        },
        "status": "SUCCESS"
    },
    {
        "id": "1a038f04-333c-4ae2-88a9-b5bc4259065c",
        "timestamp": "2026-01-30T17:04:49.161147",
        "agent": "CorrectorAgent",
        "model": "gemini-1.5-flash",
        "action": "CODE_GEN",
        "details": {
            "input_prompt": "Fix ONLY: Assertion failed: -1 == 5\nReturn corrected code.\n```\nimport logging\n\ndef add(a, b):\n    \"\"\"Add two numbers - BUGGY VERSION\"\"\"\n    return a + b\n\ndef multiply(a, b):\n    \"\"\"Multiply two numbers - BUGGY VERSION\"\"\"\n    return a + b\n\ndef divide(a, b):\n    \"\"\"Divide two numbers - BUGGY VERSION\"\"\"\n    if b == 0:\n        return 'Error'\n    return a / b\nif __name__ == '__main__':\n    logging.debug(f'5 + 3 = {add(5, 3)}')\n    logging.debug(f'5 * 3 = {multiply(5, 3)}')\n    logging.debug(f'10 / 2 = {divide(10, 2)}')\n```\nFixed:",
            "output_response": "Generated correction for: Assertion failed: -1 == 5\nNo changes applied - issue may require manual fix [AST]",
            "filename": "calculator.py",
            "issue": "Assertion failed: -1 == 5",
            "original_length": 456,
            "corrected_length": 456,
            "change_ratio": 1.0,
            "was_changed": false
        },
        "status": "SUCCESS"
    },
    {
        "id": "656f69f9-fbeb-4ae0-bb60-eac29faa2af9",
        "timestamp": "2026-01-30T17:04:49.176531",
        "agent": "CorrectorAgent",
        "model": "gemini-1.5-flash",
        "action": "CODE_GEN",
        "details": {
            "input_prompt": "Generated corrections for 1 files",
            "output_response": "Created 3 corrections addressing 5 critical issues",
            "files_corrected": 1,
            "total_corrections": 3,
            "critical_issues_addressed": 5
        },
        "status": "SUCCESS"
    },
    {
        "id": "15039af9-fc53-492e-a479-e53919ab61c7",
        "timestamp": "2026-01-30T17:04:50.005915",
        "agent": "JudgeAgent",
        "model": "gemini-1.5-flash",
        "action": "DEBUG",
        "details": {
            "input_prompt": "Re-test after correction (attempt 1)",
            "output_response": "Test execution: 1 passed, 2 failed, 0 errors",
            "retry_attempt": 1,
            "passed": 1,
            "failed": 2,
            "errors": 0,
            "total_issues": 2
        },
        "status": "FAILURE"
    },
    {
        "id": "ffe6e5cd-374b-4ccf-825b-743f6ff80ac7",
        "timestamp": "2026-01-30T17:04:50.021797",
        "agent": "CorrectorAgent",
        "model": "gemini-1.5-flash",
        "action": "CODE_GEN",
        "details": {
            "input_prompt": "Fix ONLY: Using print() statements without logging module\nReturn corrected code.\n```\nimport logging\n\ndef add(a, b):\n    \"\"\"Add two numbers - BUGGY VERSION\"\"\"\n    return a + b\n\ndef multiply(a, b):\n    \"\"\"Multiply two numbers - BUGGY VERSION\"\"\"\n    return a + b\n\ndef divide(a, b):\n    \"\"\"Divide two numbers - BUGGY VERSION\"\"\"\n    if b == 0:\n        return 'Error'\n    return a / b\nif __name__ == '__main__':\n    logging.debug(f'5 + 3 = {add(5, 3)}')\n    logging.debug(f'5 * 3 = {multiply(5, 3)}')\n    logging.debug(f'10 / 2 = {divide(10, 2)}')\n```\nFixed:",
            "output_response": "Generated correction for: Using print() statements without logging module\nNo changes applied - issue may require manual fix [AST]",
            "filename": "calculator.py",
            "issue": "Using print() statements without logging module",
            "original_length": 456,
            "corrected_length": 456,
            "change_ratio": 1.0,
            "was_changed": false
        },
        "status": "SUCCESS"
    },
    {
        "id": "a7f92134-18a0-49c7-a76c-f3d098dd3ce9",
        "timestamp": "2026-01-30T17:04:50.039771",
        "agent": "CorrectorAgent",
        "model": "gemini-1.5-flash",
        "action": "CODE_GEN",
        "details": {
            "input_prompt": "Fix ONLY: Assertion failed: add(2, 3) == 5, \"add(2, 3) should be 5\"\nReturn corrected code.\n```\nimport logging\n\ndef add(a, b):\n    \"\"\"Add two numbers - BUGGY VERSION\"\"\"\n    return a + b\n\ndef multiply(a, b):\n    \"\"\"Multiply two numbers - BUGGY VERSION\"\"\"\n    return a + b\n\ndef divide(a, b):\n    \"\"\"Divide two numbers - BUGGY VERSION\"\"\"\n    if b == 0:\n        return 'Error'\n    return a / b\nif __name__ == '__main__':\n    logging.debug(f'5 + 3 = {add(5, 3)}')\n    logging.debug(f'5 * 3 = {multiply(5, 3)}')\n    logging.debug(f'10 / 2 = {divide(10, 2)}')\n```\nFixed:",
            "output_response": "Generated correction for: Assertion failed: add(2, 3) == 5, \"add(2, 3) should be 5\"\nNo changes applied - issue may require manual fix [AST]",
            "filename": "calculator.py",
            "issue": "Assertion failed: add(2, 3) == 5, \"add(2, 3) should be 5\"",
            "original_length": 456,
            "corrected_length": 456,
            "change_ratio": 1.0,
            "was_changed": false
        },
        "status": "SUCCESS"
    },
    {
        "id": "492f363f-a83f-48b6-a606-1602ec8e0fe8",
        "timestamp": "2026-01-30T17:04:50.050132",
        "agent": "CorrectorAgent",
        "model": "gemini-1.5-flash",
        "action": "CODE_GEN",
        "details": {
            "input_prompt": "Fix ONLY: Assertion failed: -1 == 5\nReturn corrected code.\n```\nimport logging\n\ndef add(a, b):\n    \"\"\"Add two numbers - BUGGY VERSION\"\"\"\n    return a + b\n\ndef multiply(a, b):\n    \"\"\"Multiply two numbers - BUGGY VERSION\"\"\"\n    return a + b\n\ndef divide(a, b):\n    \"\"\"Divide two numbers - BUGGY VERSION\"\"\"\n    if b == 0:\n        return 'Error'\n    return a / b\nif __name__ == '__main__':\n    logging.debug(f'5 + 3 = {add(5, 3)}')\n    logging.debug(f'5 * 3 = {multiply(5, 3)}')\n    logging.debug(f'10 / 2 = {divide(10, 2)}')\n```\nFixed:",
            "output_response": "Generated correction for: Assertion failed: -1 == 5\nNo changes applied - issue may require manual fix [AST]",
            "filename": "calculator.py",
            "issue": "Assertion failed: -1 == 5",
            "original_length": 456,
            "corrected_length": 456,
            "change_ratio": 1.0,
            "was_changed": false
        },
        "status": "SUCCESS"
    },
    {
        "id": "d75def3a-a7ad-4f21-b07b-8702a7d9db8d",
        "timestamp": "2026-01-30T17:04:50.066439",
        "agent": "CorrectorAgent",
        "model": "gemini-1.5-flash",
        "action": "CODE_GEN",
        "details": {
            "input_prompt": "Generated corrections for 1 files",
            "output_response": "Created 3 corrections addressing 5 critical issues",
            "files_corrected": 1,
            "total_corrections": 3,
            "critical_issues_addressed": 5
        },
        "status": "SUCCESS"
    },
    {
        "id": "aee9b5c7-cdf2-40bf-b2ff-672efa498122",
        "timestamp": "2026-01-30T17:04:50.887599",
        "agent": "JudgeAgent",
        "model": "gemini-1.5-flash",
        "action": "DEBUG",
        "details": {
            "input_prompt": "Re-test after correction (attempt 2)",
            "output_response": "Test execution: 1 passed, 2 failed, 0 errors",
            "retry_attempt": 2,
            "passed": 1,
            "failed": 2,
            "errors": 0,
            "total_issues": 2
        },
        "status": "FAILURE"
    },
    {
        "id": "9b0a7003-13a2-4919-af67-26434d5ca4a4",
        "timestamp": "2026-01-30T17:04:50.887599",
        "agent": "CorrectorAgent",
        "model": "gemini-1.5-flash",
        "action": "CODE_GEN",
        "details": {
            "input_prompt": "Fix ONLY: Using print() statements without logging module\nReturn corrected code.\n```\nimport logging\n\ndef add(a, b):\n    \"\"\"Add two numbers - BUGGY VERSION\"\"\"\n    return a + b\n\ndef multiply(a, b):\n    \"\"\"Multiply two numbers - BUGGY VERSION\"\"\"\n    return a + b\n\ndef divide(a, b):\n    \"\"\"Divide two numbers - BUGGY VERSION\"\"\"\n    if b == 0:\n        return 'Error'\n    return a / b\nif __name__ == '__main__':\n    logging.debug(f'5 + 3 = {add(5, 3)}')\n    logging.debug(f'5 * 3 = {multiply(5, 3)}')\n    logging.debug(f'10 / 2 = {divide(10, 2)}')\n```\nFixed:",
            "output_response": "Generated correction for: Using print() statements without logging module\nNo changes applied - issue may require manual fix [AST]",
            "filename": "calculator.py",
            "issue": "Using print() statements without logging module",
            "original_length": 456,
            "corrected_length": 456,
            "change_ratio": 1.0,
            "was_changed": false
        },
        "status": "SUCCESS"
    },
    {
        "id": "cf696614-7407-46a8-8c99-2875c0f92733",
        "timestamp": "2026-01-30T17:04:50.904132",
        "agent": "CorrectorAgent",
        "model": "gemini-1.5-flash",
        "action": "CODE_GEN",
        "details": {
            "input_prompt": "Fix ONLY: Assertion failed: add(2, 3) == 5, \"add(2, 3) should be 5\"\nReturn corrected code.\n```\nimport logging\n\ndef add(a, b):\n    \"\"\"Add two numbers - BUGGY VERSION\"\"\"\n    return a + b\n\ndef multiply(a, b):\n    \"\"\"Multiply two numbers - BUGGY VERSION\"\"\"\n    return a + b\n\ndef divide(a, b):\n    \"\"\"Divide two numbers - BUGGY VERSION\"\"\"\n    if b == 0:\n        return 'Error'\n    return a / b\nif __name__ == '__main__':\n    logging.debug(f'5 + 3 = {add(5, 3)}')\n    logging.debug(f'5 * 3 = {multiply(5, 3)}')\n    logging.debug(f'10 / 2 = {divide(10, 2)}')\n```\nFixed:",
            "output_response": "Generated correction for: Assertion failed: add(2, 3) == 5, \"add(2, 3) should be 5\"\nNo changes applied - issue may require manual fix [AST]",
            "filename": "calculator.py",
            "issue": "Assertion failed: add(2, 3) == 5, \"add(2, 3) should be 5\"",
            "original_length": 456,
            "corrected_length": 456,
            "change_ratio": 1.0,
            "was_changed": false
        },
        "status": "SUCCESS"
    },
    {
        "id": "c11db2ab-1b8c-4bc2-9edd-eba1f939ade6",
        "timestamp": "2026-01-30T17:04:50.926377",
        "agent": "CorrectorAgent",
        "model": "gemini-1.5-flash",
        "action": "CODE_GEN",
        "details": {
            "input_prompt": "Fix ONLY: Assertion failed: -1 == 5\nReturn corrected code.\n```\nimport logging\n\ndef add(a, b):\n    \"\"\"Add two numbers - BUGGY VERSION\"\"\"\n    return a + b\n\ndef multiply(a, b):\n    \"\"\"Multiply two numbers - BUGGY VERSION\"\"\"\n    return a + b\n\ndef divide(a, b):\n    \"\"\"Divide two numbers - BUGGY VERSION\"\"\"\n    if b == 0:\n        return 'Error'\n    return a / b\nif __name__ == '__main__':\n    logging.debug(f'5 + 3 = {add(5, 3)}')\n    logging.debug(f'5 * 3 = {multiply(5, 3)}')\n    logging.debug(f'10 / 2 = {divide(10, 2)}')\n```\nFixed:",
            "output_response": "Generated correction for: Assertion failed: -1 == 5\nNo changes applied - issue may require manual fix [AST]",
            "filename": "calculator.py",
            "issue": "Assertion failed: -1 == 5",
            "original_length": 456,
            "corrected_length": 456,
            "change_ratio": 1.0,
            "was_changed": false
        },
        "status": "SUCCESS"
    },
    {
        "id": "cefa23f6-f4d8-478c-a8e7-5eb89f7a7eab",
        "timestamp": "2026-01-30T17:04:50.940998",
        "agent": "CorrectorAgent",
        "model": "gemini-1.5-flash",
        "action": "CODE_GEN",
        "details": {
            "input_prompt": "Generated corrections for 1 files",
            "output_response": "Created 3 corrections addressing 5 critical issues",
            "files_corrected": 1,
            "total_corrections": 3,
            "critical_issues_addressed": 5
        },
        "status": "SUCCESS"
    },
    {
        "id": "fd8e553a-dab4-4368-80f4-e31d663acf8c",
        "timestamp": "2026-01-30T17:04:51.770192",
        "agent": "JudgeAgent",
        "model": "gemini-1.5-flash",
        "action": "DEBUG",
        "details": {
            "input_prompt": "Re-test after correction (attempt 3)",
            "output_response": "Test execution: 1 passed, 2 failed, 0 errors",
            "retry_attempt": 3,
            "passed": 1,
            "failed": 2,
            "errors": 0,
            "total_issues": 2
        },
        "status": "FAILURE"
    },
    {
        "id": "5ed4d37d-1ce2-44c9-aa3b-f0cbfc0eb52c",
        "timestamp": "2026-01-30T17:04:51.770192",
        "agent": "JudgeAgent",
        "model": "gemini-1.5-flash",
        "action": "DEBUG",
        "details": {
            "input_prompt": "Judge final validation",
            "output_response": "✗ Max retries (3) exceeded. Code still has failures.",
            "final_status": "MAX_RETRIES_EXCEEDED",
            "retry_count": 3,
            "passed": 1,
            "failed": 2,
            "errors": 0
        },
        "status": "FAILURE"
    }
]